<?xml version="1.0" encoding="UTF-8"?>
<testsuite name="PrimaryTestCases" tests="5" skipped="0" failures="2" errors="0" timestamp="2024-04-26T13:07:22" hostname="Avadhesh" time="2.651">
  <properties/>
  <testcase name="testSFW" classname="PrimaryTestCases" time="2.147"/>
  <testcase name="testBonus" classname="PrimaryTestCases" time="0.094"/>
  <testcase name="testSort" classname="PrimaryTestCases" time="0.123"/>
  <testcase name="testJoinAggregateSort_1" classname="PrimaryTestCases" time="0.193">
    <failure message="java.lang.AssertionError" type="java.lang.AssertionError">java.lang.AssertionError
	at PrimaryTestCases.testJoinAggregateSort_1(PrimaryTestCases.java:222)
	at sun.reflect.NativeMethodAccessorImpl.invoke0(Native Method)
	at sun.reflect.NativeMethodAccessorImpl.invoke(NativeMethodAccessorImpl.java:62)
	at sun.reflect.DelegatingMethodAccessorImpl.invoke(DelegatingMethodAccessorImpl.java:43)
	at java.lang.reflect.Method.invoke(Method.java:498)
	at org.junit.runners.model.FrameworkMethod$1.runReflectiveCall(FrameworkMethod.java:50)
	at org.junit.internal.runners.model.ReflectiveCallable.run(ReflectiveCallable.java:12)
	at org.junit.runners.model.FrameworkMethod.invokeExplosively(FrameworkMethod.java:47)
	at org.junit.internal.runners.statements.InvokeMethod.evaluate(InvokeMethod.java:17)
	at org.junit.runners.ParentRunner.runLeaf(ParentRunner.java:325)
	at org.junit.runners.BlockJUnit4ClassRunner.runChild(BlockJUnit4ClassRunner.java:78)
	at org.junit.runners.BlockJUnit4ClassRunner.runChild(BlockJUnit4ClassRunner.java:57)
	at org.junit.runners.ParentRunner$3.run(ParentRunner.java:290)
	at org.junit.runners.ParentRunner$1.schedule(ParentRunner.java:71)
	at org.junit.runners.ParentRunner.runChildren(ParentRunner.java:288)
	at org.junit.runners.ParentRunner.access$000(ParentRunner.java:58)
	at org.junit.runners.ParentRunner$2.evaluate(ParentRunner.java:268)
	at org.junit.runners.ParentRunner.run(ParentRunner.java:363)
	at org.gradle.api.internal.tasks.testing.junit.JUnitTestClassExecuter.runTestClass(JUnitTestClassExecuter.java:114)
	at org.gradle.api.internal.tasks.testing.junit.JUnitTestClassExecuter.execute(JUnitTestClassExecuter.java:57)
	at org.gradle.api.internal.tasks.testing.junit.JUnitTestClassProcessor.processTestClass(JUnitTestClassProcessor.java:66)
	at org.gradle.api.internal.tasks.testing.SuiteTestClassProcessor.processTestClass(SuiteTestClassProcessor.java:51)
	at sun.reflect.NativeMethodAccessorImpl.invoke0(Native Method)
	at sun.reflect.NativeMethodAccessorImpl.invoke(NativeMethodAccessorImpl.java:62)
	at sun.reflect.DelegatingMethodAccessorImpl.invoke(DelegatingMethodAccessorImpl.java:43)
	at java.lang.reflect.Method.invoke(Method.java:498)
	at org.gradle.internal.dispatch.ReflectionDispatch.dispatch(ReflectionDispatch.java:35)
	at org.gradle.internal.dispatch.ReflectionDispatch.dispatch(ReflectionDispatch.java:24)
	at org.gradle.internal.dispatch.ContextClassLoaderDispatch.dispatch(ContextClassLoaderDispatch.java:32)
	at org.gradle.internal.dispatch.ProxyDispatchAdapter$DispatchingInvocationHandler.invoke(ProxyDispatchAdapter.java:93)
	at com.sun.proxy.$Proxy3.processTestClass(Unknown Source)
	at org.gradle.api.internal.tasks.testing.worker.TestWorker.processTestClass(TestWorker.java:108)
	at sun.reflect.NativeMethodAccessorImpl.invoke0(Native Method)
	at sun.reflect.NativeMethodAccessorImpl.invoke(NativeMethodAccessorImpl.java:62)
	at sun.reflect.DelegatingMethodAccessorImpl.invoke(DelegatingMethodAccessorImpl.java:43)
	at java.lang.reflect.Method.invoke(Method.java:498)
	at org.gradle.internal.dispatch.ReflectionDispatch.dispatch(ReflectionDispatch.java:35)
	at org.gradle.internal.dispatch.ReflectionDispatch.dispatch(ReflectionDispatch.java:24)
	at org.gradle.internal.remote.internal.hub.MessageHubBackedObjectConnection$DispatchWrapper.dispatch(MessageHubBackedObjectConnection.java:146)
	at org.gradle.internal.remote.internal.hub.MessageHubBackedObjectConnection$DispatchWrapper.dispatch(MessageHubBackedObjectConnection.java:128)
	at org.gradle.internal.remote.internal.hub.MessageHub$Handler.run(MessageHub.java:404)
	at org.gradle.internal.concurrent.ExecutorPolicy$CatchAndRecordFailures.onExecute(ExecutorPolicy.java:63)
	at org.gradle.internal.concurrent.ManagedExecutorImpl$1.run(ManagedExecutorImpl.java:46)
	at java.util.concurrent.ThreadPoolExecutor.runWorker(ThreadPoolExecutor.java:1149)
	at java.util.concurrent.ThreadPoolExecutor$Worker.run(ThreadPoolExecutor.java:624)
	at org.gradle.internal.concurrent.ThreadFactoryImpl$ManagedThreadRunnable.run(ThreadFactoryImpl.java:55)
	at java.lang.Thread.run(Thread.java:750)
</failure>
  </testcase>
  <testcase name="testJoinAggregate_1" classname="PrimaryTestCases" time="0.094">
    <failure message="java.lang.AssertionError" type="java.lang.AssertionError">java.lang.AssertionError
	at PrimaryTestCases.testJoinAggregate_1(PrimaryTestCases.java:162)
	at sun.reflect.NativeMethodAccessorImpl.invoke0(Native Method)
	at sun.reflect.NativeMethodAccessorImpl.invoke(NativeMethodAccessorImpl.java:62)
	at sun.reflect.DelegatingMethodAccessorImpl.invoke(DelegatingMethodAccessorImpl.java:43)
	at java.lang.reflect.Method.invoke(Method.java:498)
	at org.junit.runners.model.FrameworkMethod$1.runReflectiveCall(FrameworkMethod.java:50)
	at org.junit.internal.runners.model.ReflectiveCallable.run(ReflectiveCallable.java:12)
	at org.junit.runners.model.FrameworkMethod.invokeExplosively(FrameworkMethod.java:47)
	at org.junit.internal.runners.statements.InvokeMethod.evaluate(InvokeMethod.java:17)
	at org.junit.runners.ParentRunner.runLeaf(ParentRunner.java:325)
	at org.junit.runners.BlockJUnit4ClassRunner.runChild(BlockJUnit4ClassRunner.java:78)
	at org.junit.runners.BlockJUnit4ClassRunner.runChild(BlockJUnit4ClassRunner.java:57)
	at org.junit.runners.ParentRunner$3.run(ParentRunner.java:290)
	at org.junit.runners.ParentRunner$1.schedule(ParentRunner.java:71)
	at org.junit.runners.ParentRunner.runChildren(ParentRunner.java:288)
	at org.junit.runners.ParentRunner.access$000(ParentRunner.java:58)
	at org.junit.runners.ParentRunner$2.evaluate(ParentRunner.java:268)
	at org.junit.runners.ParentRunner.run(ParentRunner.java:363)
	at org.gradle.api.internal.tasks.testing.junit.JUnitTestClassExecuter.runTestClass(JUnitTestClassExecuter.java:114)
	at org.gradle.api.internal.tasks.testing.junit.JUnitTestClassExecuter.execute(JUnitTestClassExecuter.java:57)
	at org.gradle.api.internal.tasks.testing.junit.JUnitTestClassProcessor.processTestClass(JUnitTestClassProcessor.java:66)
	at org.gradle.api.internal.tasks.testing.SuiteTestClassProcessor.processTestClass(SuiteTestClassProcessor.java:51)
	at sun.reflect.NativeMethodAccessorImpl.invoke0(Native Method)
	at sun.reflect.NativeMethodAccessorImpl.invoke(NativeMethodAccessorImpl.java:62)
	at sun.reflect.DelegatingMethodAccessorImpl.invoke(DelegatingMethodAccessorImpl.java:43)
	at java.lang.reflect.Method.invoke(Method.java:498)
	at org.gradle.internal.dispatch.ReflectionDispatch.dispatch(ReflectionDispatch.java:35)
	at org.gradle.internal.dispatch.ReflectionDispatch.dispatch(ReflectionDispatch.java:24)
	at org.gradle.internal.dispatch.ContextClassLoaderDispatch.dispatch(ContextClassLoaderDispatch.java:32)
	at org.gradle.internal.dispatch.ProxyDispatchAdapter$DispatchingInvocationHandler.invoke(ProxyDispatchAdapter.java:93)
	at com.sun.proxy.$Proxy3.processTestClass(Unknown Source)
	at org.gradle.api.internal.tasks.testing.worker.TestWorker.processTestClass(TestWorker.java:108)
	at sun.reflect.NativeMethodAccessorImpl.invoke0(Native Method)
	at sun.reflect.NativeMethodAccessorImpl.invoke(NativeMethodAccessorImpl.java:62)
	at sun.reflect.DelegatingMethodAccessorImpl.invoke(DelegatingMethodAccessorImpl.java:43)
	at java.lang.reflect.Method.invoke(Method.java:498)
	at org.gradle.internal.dispatch.ReflectionDispatch.dispatch(ReflectionDispatch.java:35)
	at org.gradle.internal.dispatch.ReflectionDispatch.dispatch(ReflectionDispatch.java:24)
	at org.gradle.internal.remote.internal.hub.MessageHubBackedObjectConnection$DispatchWrapper.dispatch(MessageHubBackedObjectConnection.java:146)
	at org.gradle.internal.remote.internal.hub.MessageHubBackedObjectConnection$DispatchWrapper.dispatch(MessageHubBackedObjectConnection.java:128)
	at org.gradle.internal.remote.internal.hub.MessageHub$Handler.run(MessageHub.java:404)
	at org.gradle.internal.concurrent.ExecutorPolicy$CatchAndRecordFailures.onExecute(ExecutorPolicy.java:63)
	at org.gradle.internal.concurrent.ManagedExecutorImpl$1.run(ManagedExecutorImpl.java:46)
	at java.util.concurrent.ThreadPoolExecutor.runWorker(ThreadPoolExecutor.java:1149)
	at java.util.concurrent.ThreadPoolExecutor$Worker.run(ThreadPoolExecutor.java:624)
	at org.gradle.internal.concurrent.ThreadFactoryImpl$ManagedThreadRunnable.run(ThreadFactoryImpl.java:55)
	at java.lang.Thread.run(Thread.java:750)
</failure>
  </testcase>
  <system-out><![CDATA[rel#8:LogicalProject.NONE(input=RelSubset#7,exprs=[$1])
rel#7:RelSubset#1.NONE
rel#13:RelSubset#1.PConvention
Test passed :)
rel#24:LogicalProject.NONE(input=RelSubset#23,exprs=[$1, $2])
rel#23:RelSubset#0.PConvention
rel#23:RelSubset#0.PConvention
Adam Grant 
Adam Hopper 
Al Garland 
Alan Dreyfuss 
Albert Johansson 
Albert Nolte 
Alec Wayne 
Angela Hudson 
Angela Witherspoon 
Angelina Astaire 
Anne Cronyn 
Audrey Bailey 
Audrey Olivier 
Bela Walken 
Ben Harris 
Ben Willis 
Bette Nicholson 
Bob Fawcett 
Burt Dukakis 
Burt Posey 
Burt Temple 
Cameron Streep 
Cameron Wray 
Cameron Zellweger 
Carmen Hunt 
Cary Mcconaughey 
Cate Harris 
Cate Mcqueen 
Charlize Dench 
Chris Bridges 
Chris Depp 
Christian Akroyd 
Christian Gable 
Christian Neeson 
Christopher Berry 
Christopher West 
Cuba Allen 
Cuba Birch 
Cuba Olivier 
Dan Harris 
Dan Streep 
Dan Torn 
Daryl Crawford 
Daryl Wahlberg 
Debbie Akroyd 
Dustin Tautou 
Ed Chase 
Ed Guiness 
Ed Mansfield 
Ellen Presley 
Elvis Marx 
Emily Dee 
Ewan Gooding 
Fay Kilmer 
Fay Winslet 
Fay Wood 
Frances Day-Lewis 
Frances Tomei 
Fred Costner 
Gary Penn 
Gary Phoenix 
Gene Hopkins 
Gene Mckellen 
Gene Willis 
Geoffrey Heston 
Gina Degeneres 
Goldie Brody 
Grace Mostel 
Greg Chaplin 
Gregory Gooding 
Greta Keitel 
Greta Malden 
Groucho Dunst 
Groucho Sinatra 
Groucho Williams 
Harrison Bale 
Harvey Hope 
Helen Voight 
Henry Berry 
Humphrey Garland 
Humphrey Willis 
Ian Tandy 
Jada Ryder 
James Pitt 
Jane Jackman 
Jayne Neeson 
Jayne Nolte 
Jayne Silverstone 
Jeff Silverstone 
Jennifer Davis 
Jessica Bailey 
Jim Mostel 
Jodie Degeneres 
Joe Swank 
John Suvari 
Johnny Cage 
Johnny Lollobrigida 
Jon Chase 
Jude Cruise 
Judy Dean 
Julia Barrymore 
Julia Fawcett 
Julia Mcqueen 
Julia Zellweger 
Julianne Dench 
Karl Berry 
Kenneth Hoffman 
Kenneth Paltrow 
Kenneth Pesci 
Kenneth Torn 
Kevin Bloom 
Kevin Garland 
Kim Allen 
Kirk Jovovich 
Kirsten Akroyd 
Kirsten Paltrow 
Laura Brody 
Laurence Bullock 
Lisa Monroe 
Liza Bergman 
Lucille Dee 
Lucille Tracy 
Mae Hoffman 
Mary Keitel 
Mary Tandy 
Matthew Carrey 
Matthew Johansson 
Matthew Leigh 
Meg Hawke 
Mena Hopper 
Mena Temple 
Meryl Allen 
Meryl Gibson 
Michael Bening 
Michael Bolger 
Michelle Mcconaughey 
Milla Keitel 
Milla Peck 
Minnie Kilmer 
Minnie Zellweger 
Morgan Hopkins 
Morgan Mcdormand 
Morgan Williams 
Natalie Hopkins 
Nick Degeneres 
Nick Stallone 
Nick Wahlberg 
Olympia Pfeiffer 
Oprah Kilmer 
Parker Goldberg 
Penelope Cronyn 
Penelope Guiness 
Penelope Monroe 
Penelope Pinkett 
Ralph Cruz 
Ray Johansson 
Reese Kilmer 
Reese West 
Renee Ball 
Renee Tracy 
Richard Penn 
Rip Crawford 
Rip Winslet 
Rita Reynolds 
River Dean 
Rock Dukakis 
Russell Bacall 
Russell Close 
Russell Temple 
Salma Nolte 
Sandra Kilmer 
Sandra Peck 
Scarlett Bening 
Scarlett Damon 
Sean Guiness 
Sean Williams 
Sidney Crowe 
Sissy Sobieski 
Spencer Depp 
Spencer Peck 
Susan Davis 
Susan Davis 
Sylvester Dern 
Thora Temple 
Tim Hackman 
Tom Mckellen 
Tom Miranda 
Uma Wood 
Val Bolger 
Vivien Basinger 
Vivien Bergen 
Walter Torn 
Warren Jackman 
Warren Nolte 
Whoopi Hurt 
Will Wilson 
William Hackman 
Woody Hoffman 
Woody Jolie 
Zero Cage 
Test passed :)
rel#49:LogicalProject.NONE(input=RelSubset#48,exprs=[$1, $7])
rel#48:RelSubset#1.NONE
rel#60:RelSubset#1.PConvention
rel#53:LogicalProject.NONE(input=RelSubset#52,inputs=0)
rel#52:RelSubset#3.NONE
rel#64:RelSubset#3.PConvention
Test passed :)
rel#89:LogicalProject.NONE(input=RelSubset#88,exprs=[$8])
rel#88:RelSubset#2.NONE
rel#98:RelSubset#2.PConvention
]]></system-out>
  <system-err><![CDATA[]]></system-err>
</testsuite>
